TN:
SF:src/controllers/CronController.ts
FN:9,(anonymous_0)
FN:15,(anonymous_1)
FN:20,(anonymous_2)
FN:39,(anonymous_3)
FNF:4
FNH:2
FNDA:2,(anonymous_0)
FNDA:0,(anonymous_1)
FNDA:2,(anonymous_2)
FNDA:0,(anonymous_3)
DA:8,1
DA:10,2
DA:11,2
DA:12,2
DA:16,0
DA:17,0
DA:21,2
DA:23,2
DA:24,2
DA:25,0
DA:28,2
DA:30,2
DA:32,1
DA:34,1
DA:35,1
DA:40,0
DA:42,0
DA:43,0
DA:44,0
DA:46,0
LF:20
LH:12
BRDA:24,0,0,0
BRDA:24,1,0,2
BRDA:24,1,1,2
BRDA:24,1,2,2
BRDA:24,1,3,2
BRDA:35,2,0,1
BRDA:35,2,1,0
BRDA:43,3,0,0
BRDA:43,3,1,0
BRF:9
BRH:5
end_of_record
TN:
SF:src/controllers/backupController.ts
FN:6,(anonymous_0)
FN:8,(anonymous_1)
FN:32,(anonymous_2)
FN:62,(anonymous_3)
FN:97,(anonymous_4)
FNF:5
FNH:2
FNDA:4,(anonymous_0)
FNDA:4,(anonymous_1)
FNDA:0,(anonymous_2)
FNDA:0,(anonymous_3)
FNDA:0,(anonymous_4)
DA:5,1
DA:6,4
DA:9,4
DA:10,4
DA:11,4
DA:13,4
DA:16,1
DA:22,3
DA:23,3
DA:24,3
DA:33,0
DA:34,0
DA:35,0
DA:37,0
DA:39,0
DA:41,0
DA:52,0
DA:53,0
DA:54,0
DA:69,0
DA:70,0
DA:71,0
DA:73,0
DA:75,0
DA:77,0
DA:82,0
DA:83,0
DA:84,0
DA:89,0
DA:98,0
DA:99,0
DA:100,0
DA:101,0
DA:103,0
DA:104,0
DA:105,0
LF:36
LH:10
BRDA:23,0,0,3
BRDA:23,0,1,0
BRDA:34,1,0,0
BRDA:34,1,1,0
BRDA:35,2,0,0
BRDA:35,2,1,0
BRDA:53,3,0,0
BRDA:53,3,1,0
BRDA:83,4,0,0
BRDA:83,5,0,0
BRDA:83,5,1,0
BRDA:92,6,0,0
BRDA:92,6,1,0
BRDA:104,7,0,0
BRDA:104,7,1,0
BRF:15
BRH:1
end_of_record
TN:
SF:src/controllers/database.controller.ts
FN:6,(anonymous_0)
FN:8,(anonymous_1)
FN:17,(anonymous_2)
FNF:3
FNH:2
FNDA:2,(anonymous_0)
FNDA:2,(anonymous_1)
FNDA:0,(anonymous_2)
DA:5,1
DA:6,2
DA:9,2
DA:10,2
DA:11,1
DA:13,1
DA:18,0
DA:19,0
DA:20,0
DA:22,0
LF:10
LH:6
BRF:0
BRH:0
end_of_record
TN:
SF:src/services/CronService.ts
FN:10,(anonymous_1)
FN:14,(anonymous_2)
FN:19,(anonymous_3)
FN:37,(anonymous_4)
FN:50,(anonymous_5)
FN:54,(anonymous_6)
FNF:6
FNH:5
FNDA:4,(anonymous_1)
FNDA:4,(anonymous_2)
FNDA:0,(anonymous_3)
FNDA:2,(anonymous_4)
FNDA:3,(anonymous_5)
FNDA:4,(anonymous_6)
DA:2,2
DA:7,2
DA:10,4
DA:11,4
DA:15,4
DA:16,1
DA:19,3
DA:20,0
DA:21,0
DA:22,0
DA:23,0
DA:24,0
DA:25,0
DA:27,0
DA:28,0
DA:32,3
DA:33,3
DA:34,3
DA:38,2
DA:39,2
DA:40,1
DA:41,1
DA:42,1
DA:43,1
DA:44,1
DA:46,1
DA:47,1
DA:51,3
DA:55,4
LF:29
LH:21
BRDA:15,0,0,1
BRDA:39,1,0,1
BRF:2
BRH:2
end_of_record
TN:
SF:src/services/backupService.ts
FN:12,(anonymous_1)
FN:18,(anonymous_2)
FN:22,(anonymous_3)
FN:31,(anonymous_4)
FN:45,(anonymous_5)
FN:61,(anonymous_6)
FN:62,(anonymous_7)
FN:63,(anonymous_8)
FN:73,(anonymous_9)
FN:100,(anonymous_10)
FN:108,(anonymous_11)
FN:115,(anonymous_12)
FN:131,(anonymous_13)
FN:167,(anonymous_14)
FN:187,(anonymous_15)
FN:208,(anonymous_16)
FN:220,(anonymous_17)
FN:221,(anonymous_18)
FN:233,(anonymous_19)
FN:243,(anonymous_20)
FN:260,(anonymous_21)
FN:263,(anonymous_22)
FN:266,(anonymous_23)
FN:272,(anonymous_24)
FN:278,(anonymous_25)
FNF:25
FNH:1
FNDA:3,(anonymous_1)
FNDA:0,(anonymous_2)
FNDA:0,(anonymous_3)
FNDA:0,(anonymous_4)
FNDA:0,(anonymous_5)
FNDA:0,(anonymous_6)
FNDA:0,(anonymous_7)
FNDA:0,(anonymous_8)
FNDA:0,(anonymous_9)
FNDA:0,(anonymous_10)
FNDA:0,(anonymous_11)
FNDA:0,(anonymous_12)
FNDA:0,(anonymous_13)
FNDA:0,(anonymous_14)
FNDA:0,(anonymous_15)
FNDA:0,(anonymous_16)
FNDA:0,(anonymous_17)
FNDA:0,(anonymous_18)
FNDA:0,(anonymous_19)
FNDA:0,(anonymous_20)
FNDA:0,(anonymous_21)
FNDA:0,(anonymous_22)
FNDA:0,(anonymous_23)
FNDA:0,(anonymous_24)
FNDA:0,(anonymous_25)
DA:1,4
DA:2,4
DA:3,4
DA:5,4
DA:8,4
DA:12,3
DA:13,3
DA:14,3
DA:15,3
DA:19,0
DA:23,0
DA:24,0
DA:25,0
DA:27,0
DA:32,0
DA:41,0
DA:42,0
DA:46,0
DA:57,0
DA:58,0
DA:62,0
DA:63,0
DA:64,0
DA:65,0
DA:67,0
DA:74,0
DA:75,0
DA:76,0
DA:77,0
DA:79,0
DA:81,0
DA:82,0
DA:84,0
DA:85,0
DA:86,0
DA:87,0
DA:90,0
DA:91,0
DA:93,0
DA:95,0
DA:96,0
DA:101,0
DA:102,0
DA:103,0
DA:104,0
DA:105,0
DA:109,0
DA:110,0
DA:111,0
DA:112,0
DA:116,0
DA:117,0
DA:118,0
DA:120,0
DA:125,0
DA:132,0
DA:133,0
DA:134,0
DA:135,0
DA:136,0
DA:137,0
DA:140,0
DA:141,0
DA:142,0
DA:144,0
DA:145,0
DA:147,0
DA:150,0
DA:152,0
DA:153,0
DA:155,0
DA:156,0
DA:157,0
DA:159,0
DA:160,0
DA:162,0
DA:163,0
DA:168,0
DA:169,0
DA:170,0
DA:172,0
DA:173,0
DA:174,0
DA:175,0
DA:176,0
DA:177,0
DA:179,0
DA:182,0
DA:183,0
DA:188,0
DA:189,0
DA:190,0
DA:192,0
DA:194,0
DA:195,0
DA:196,0
DA:198,0
DA:199,0
DA:201,0
DA:203,0
DA:204,0
DA:209,0
DA:210,0
DA:211,0
DA:212,0
DA:213,0
DA:215,0
DA:216,0
DA:217,0
DA:221,0
DA:222,0
DA:223,0
DA:224,0
DA:225,0
DA:227,0
DA:230,0
DA:234,0
DA:236,0
DA:242,0
DA:243,0
DA:246,0
DA:247,0
DA:248,0
DA:249,0
DA:250,0
DA:253,0
DA:255,0
DA:256,0
DA:261,0
DA:262,0
DA:263,0
DA:267,0
DA:268,0
DA:269,0
DA:273,0
DA:274,0
DA:275,0
DA:279,0
DA:280,0
DA:282,0
DA:283,0
DA:288,0
DA:289,0
LF:143
LH:9
BRDA:64,0,0,0
BRDA:64,0,1,0
BRDA:115,1,0,0
BRDA:115,2,0,0
BRDA:136,3,0,0
BRDA:172,4,0,0
BRDA:172,4,1,0
BRDA:211,5,0,0
BRDA:220,6,0,0
BRF:9
BRH:0
end_of_record
TN:
SF:src/services/database.service.ts
FN:3,(anonymous_0)
FN:6,(anonymous_1)
FN:10,(anonymous_2)
FN:24,(anonymous_3)
FN:31,(anonymous_4)
FN:38,(anonymous_5)
FN:48,(anonymous_6)
FN:65,(anonymous_7)
FN:73,(anonymous_8)
FNF:9
FNH:2
FNDA:5,(anonymous_0)
FNDA:0,(anonymous_1)
FNDA:2,(anonymous_2)
FNDA:0,(anonymous_3)
FNDA:0,(anonymous_4)
FNDA:0,(anonymous_5)
FNDA:0,(anonymous_6)
FNDA:0,(anonymous_7)
FNDA:0,(anonymous_8)
DA:1,6
DA:3,6
DA:4,5
DA:7,0
DA:11,2
DA:12,0
DA:14,2
DA:15,2
DA:16,1
DA:17,1
DA:19,1
DA:20,1
DA:25,0
DA:26,0
DA:28,0
DA:32,0
DA:33,0
DA:34,0
DA:35,0
DA:39,0
DA:41,0
DA:47,0
DA:48,0
DA:51,0
DA:52,0
DA:53,0
DA:54,0
DA:55,0
DA:58,0
DA:60,0
DA:61,0
DA:66,0
DA:67,0
DA:69,0
DA:70,0
DA:74,0
DA:75,0
DA:77,0
LF:38
LH:10
BRDA:11,0,0,0
BRDA:25,1,0,0
BRDA:32,2,0,0
BRDA:66,3,0,0
BRDA:74,4,0,0
BRF:5
BRH:0
end_of_record
